app/build/outputs/logs/manifest-merger-debug-report.txt
-- Merging decision tree log ---
manifest
ADDED from src\main\AndroidManifest.xml:2:1-110:12
	package
		ADDED from src\main\AndroidManifest.xml:3:5-37
		INJECTED from src\main\AndroidManifest.xml
		INJECTED from src\main\AndroidManifest.xml
	android:versionName
		ADDED from src\main\AndroidManifest.xml:5:5-32
		INJECTED from src\main\AndroidManifest.xml
		INJECTED from src\main\AndroidManifest.xml
	android:versionCode
		ADDED from src\main\AndroidManifest.xml:4:5-29
		INJECTED from src\main\AndroidManifest.xml
		INJECTED from src\main\AndroidManifest.xml
	xmlns:android
		ADDED from src\main\AndroidManifest.xml:2:11-69
uses-permission#android.permission.GET_TASKS
ADDED from src\main\AndroidManifest.xml:7:5-68
	android:name
		ADDED from src\main\AndroidManifest.xml:7:22-65
uses-permission#android.permission.INTERNET
ADDED from src\main\AndroidManifest.xml:8:2-64
	android:name
		ADDED from src\main\AndroidManifest.xml:8:19-61
uses-permission#android.permission.ACCESS_WIFI_STATE
ADDED from src\main\AndroidManifest.xml:9:2-73
	android:name
		ADDED from src\main\AndroidManifest.xml:9:19-70
uses-permission#android.permission.ACCESS_NETWORK_STATE
ADDED from src\main\AndroidManifest.xml:10:2-76
	android:name
		ADDED from src\main\AndroidManifest.xml:10:19-73
uses-permission#android.permission.CHANGE_WIFI_STATE
ADDED from src\main\AndroidManifest.xml:11:2-73
	android:name
		ADDED from src\main\AndroidManifest.xml:11:19-70
uses-permission#android.permission.WRITE_EXTERNAL_STORAGE
ADDED from src\main\AndroidManifest.xml:12:2-78
	android:name
		ADDED from src\main\AndroidManifest.xml:12:19-75
uses-permission#android.permission.READ_PHONE_STATE
ADDED from src\main\AndroidManifest.xml:13:2-72
	android:name
		ADDED from src\main\AndroidManifest.xml:13:19-69
uses-permission#android.permission.MANAGE_ACCOUNTS
ADDED from src\main\AndroidManifest.xml:14:2-70
	android:name
		ADDED from src\main\AndroidManifest.xml:14:19-68
uses-permission#android.permission.GET_ACCOUNTS
ADDED from src\main\AndroidManifest.xml:15:2-67
	android:name
		ADDED from src\main\AndroidManifest.xml:15:19-65
supports-screens
ADDED from src\main\AndroidManifest.xml:17:5-22:39
	android:largeScreens
		ADDED from src\main\AndroidManifest.xml:19:9-36
	android:smallScreens
		ADDED from src\main\AndroidManifest.xml:22:9-36
	android:normalScreens
		ADDED from src\main\AndroidManifest.xml:20:9-37
	android:resizeable
		ADDED from src\main\AndroidManifest.xml:21:9-34
	android:anyDensity
		ADDED from src\main\AndroidManifest.xml:18:9-34
application
ADDED from src\main\AndroidManifest.xml:25:5-108:19
	android:label
		ADDED from src\main\AndroidManifest.xml:28:9-41
	android:allowBackup
		ADDED from src\main\AndroidManifest.xml:26:9-35
	android:icon
		ADDED from src\main\AndroidManifest.xml:27:9-45
	android:theme
		ADDED from src\main\AndroidManifest.xml:29:9-62
activity#cn.sharesdk.login.demo.LoginPage
ADDED from src\main\AndroidManifest.xml:30:9-38:20
	android:label
		ADDED from src\main\AndroidManifest.xml:32:13-45
	android:name
		ADDED from src\main\AndroidManifest.xml:31:13-38
intent-filter#android.intent.action.MAIN+android.intent.category.LAUNCHER
ADDED from src\main\AndroidManifest.xml:33:13-37:29
action#android.intent.action.MAIN
ADDED from src\main\AndroidManifest.xml:34:17-69
	android:name
		ADDED from src\main\AndroidManifest.xml:34:25-66
category#android.intent.category.LAUNCHER
ADDED from src\main\AndroidManifest.xml:36:17-77
	android:name
		ADDED from src\main\AndroidManifest.xml:36:27-74
activity#cn.sharesdk.login.demo.login.RegisterPage
ADDED from src\main\AndroidManifest.xml:40:9-43:66
	android:windowSoftInputMode
		ADDED from src\main\AndroidManifest.xml:43:13-64
	android:configChanges
		ADDED from src\main\AndroidManifest.xml:42:13-74
	android:name
		ADDED from src\main\AndroidManifest.xml:41:13-69
activity#com.mob.tools.MobUIShell
ADDED from src\main\AndroidManifest.xml:45:9-101:20
	android:windowSoftInputMode
		ADDED from src\main\AndroidManifest.xml:49:13-67
	android:configChanges
		ADDED from src\main\AndroidManifest.xml:48:13-74
	android:theme
		ADDED from src\main\AndroidManifest.xml:47:13-72
	android:name
		ADDED from src\main\AndroidManifest.xml:46:13-52
meta-data#AuthorizeAdapter
ADDED from src\main\AndroidManifest.xml:55:13-101
	android:value
		ADDED from src\main\AndroidManifest.xml:55:56-98
	android:name
		ADDED from src\main\AndroidManifest.xml:55:24-55
intent-filter#android.intent.action.VIEW+android.intent.category.BROWSABLE+android.intent.category.DEFAULT
ADDED from src\main\AndroidManifest.xml:69:13-74:29
data
ADDED from src\main\AndroidManifest.xml:70:17-61
	android:scheme
		ADDED from src\main\AndroidManifest.xml:70:23-58
action#android.intent.action.VIEW
ADDED from src\main\AndroidManifest.xml:71:11-63
	android:name
		ADDED from src\main\AndroidManifest.xml:71:19-60
category#android.intent.category.BROWSABLE
ADDED from src\main\AndroidManifest.xml:72:11-71
	android:name
		ADDED from src\main\AndroidManifest.xml:72:21-69
category#android.intent.category.DEFAULT
ADDED from src\main\AndroidManifest.xml:73:11-70
	android:name
		ADDED from src\main\AndroidManifest.xml:73:21-67
intent-filter#android.intent.category.DEFAULT+com.sina.weibo.sdk.action.ACTION_SDK_REQ_ACTIVITY
ADDED from src\main\AndroidManifest.xml:89:13-92:23
action#com.sina.weibo.sdk.action.ACTION_SDK_REQ_ACTIVITY
ADDED from src\main\AndroidManifest.xml:90:8-83
	android:name
		ADDED from src\main\AndroidManifest.xml:90:16-80
activity#cn.sharesdk.demo.wxapi.WXEntryActivity
ADDED from src\main\AndroidManifest.xml:103:9-107:39
	android:exported
		ADDED from src\main\AndroidManifest.xml:107:13-36
	android:configChanges
		ADDED from src\main\AndroidManifest.xml:106:13-74
	android:theme
		ADDED from src\main\AndroidManifest.xml:105:13-72
	android:name
		ADDED from src\main\AndroidManifest.xml:104:13-66
uses-sdk
INJECTED from src\main\AndroidManifest.xml reason: use-sdk injection requested
	android:targetSdkVersion
		INJECTED from src\main\AndroidManifest.xml
		INJECTED from src\main\AndroidManifest.xml
	android:minSdkVersion
		INJECTED from src\main\AndroidManifest.xml
		INJECTED from src\main\AndroidManifest.xml